<?xml version="1.0" encoding="UTF-8"?>
<!-- Generated by org.testng.reporters.JUnitReportReporter -->
<testsuite hostname="DESKTOP-G5P2VG4" failures="0" tests="10" name="com.keerthi.orangehrm.runners.TestRunner" time="144.640" errors="3" timestamp="2026-04-22T10:36:41 BST" skipped="0">
  <testcase classname="com.keerthi.orangehrm.runners.TestRunner" name="runScenario" time="4.552"/>
  <testcase classname="com.keerthi.orangehrm.runners.TestRunner" name="runScenario" time="23.216">
    <error message="element click intercepted: Element &lt;button data-v-10d463b7=&quot;&quot; data-v-304890b0=&quot;&quot; type=&quot;submit&quot; class=&quot;oxd-button oxd-button--medium oxd-button--secondary orangehrm-left-space&quot;&gt;...&lt;/button&gt; is not clickable at point (1787, 493). Other element would receive the click: &lt;div data-v-d5bfe35b=&quot;&quot; class=&quot;oxd-form-loader&quot;&gt;...&lt;/div&gt;
  (Session info: chrome=147.0.7727.102)
Build info: version: &#039;4.40.0&#039;, revision: &#039;b3333f1&#039;
System info: os.name: &#039;Windows 11&#039;, os.arch: &#039;amd64&#039;, os.version: &#039;10.0&#039;, java.version: &#039;21.0.8&#039;
Driver info: org.openqa.selenium.chrome.ChromeDriver
Command: [10bd9dab6b6e1c56c788b3d95dc25d2c, clickElement {id=f.32627ED42954944170D2EF11AEFC2D8A.d.9AA7783F24641956BA6FD8CFE471C8A8.e.111}]
Capabilities {acceptInsecureCerts: false, browserName: chrome, browserVersion: 147.0.7727.102, chrome: {chromedriverVersion: 147.0.7727.57 (b4f28b5637d0..., userDataDir: C:\Users\Keerthi\AppData\Lo...}, fedcm:accounts: true, goog:chromeOptions: {debuggerAddress: localhost:54420}, goog:processID: 19752, networkConnectionEnabled: false, pageLoadStrategy: normal, platformName: windows, proxy: Proxy(), se:cdp: ws://localhost:54420/devtoo..., se:cdpVersion: 147.0.7727.102, setWindowRect: true, strictFileInteractability: false, timeouts: {implicit: 0, pageLoad: 300000, script: 30000}, unhandledPromptBehavior: dismiss and notify, webauthn:extension:credBlob: true, webauthn:extension:largeBlob: true, webauthn:extension:minPinLength: true, webauthn:extension:prf: true, webauthn:virtualAuthenticators: true}
Element: [[ChromeDriver: chrome on windows (10bd9dab6b6e1c56c788b3d95dc25d2c)] -&gt; xpath: //button[@type=&#039;submit&#039;]]
Session ID: 10bd9dab6b6e1c56c788b3d95dc25d2c" type="org.openqa.selenium.ElementClickInterceptedException">
      <![CDATA[org.openqa.selenium.ElementClickInterceptedException: element click intercepted: Element <button data-v-10d463b7="" data-v-304890b0="" type="submit" class="oxd-button oxd-button--medium oxd-button--secondary orangehrm-left-space">...</button> is not clickable at point (1787, 493). Other element would receive the click: <div data-v-d5bfe35b="" class="oxd-form-loader">...</div>
  (Session info: chrome=147.0.7727.102)
Build info: version: '4.40.0', revision: 'b3333f1'
System info: os.name: 'Windows 11', os.arch: 'amd64', os.version: '10.0', java.version: '21.0.8'
Driver info: org.openqa.selenium.chrome.ChromeDriver
Command: [10bd9dab6b6e1c56c788b3d95dc25d2c, clickElement {id=f.32627ED42954944170D2EF11AEFC2D8A.d.9AA7783F24641956BA6FD8CFE471C8A8.e.111}]
Capabilities {acceptInsecureCerts: false, browserName: chrome, browserVersion: 147.0.7727.102, chrome: {chromedriverVersion: 147.0.7727.57 (b4f28b5637d0..., userDataDir: C:\Users\Keerthi\AppData\Lo...}, fedcm:accounts: true, goog:chromeOptions: {debuggerAddress: localhost:54420}, goog:processID: 19752, networkConnectionEnabled: false, pageLoadStrategy: normal, platformName: windows, proxy: Proxy(), se:cdp: ws://localhost:54420/devtoo..., se:cdpVersion: 147.0.7727.102, setWindowRect: true, strictFileInteractability: false, timeouts: {implicit: 0, pageLoad: 300000, script: 30000}, unhandledPromptBehavior: dismiss and notify, webauthn:extension:credBlob: true, webauthn:extension:largeBlob: true, webauthn:extension:minPinLength: true, webauthn:extension:prf: true, webauthn:virtualAuthenticators: true}
Element: [[ChromeDriver: chrome on windows (10bd9dab6b6e1c56c788b3d95dc25d2c)] -> xpath: //button[@type='submit']]
Session ID: 10bd9dab6b6e1c56c788b3d95dc25d2c
at org.openqa.selenium.remote.ErrorCodec.decode(ErrorCodec.java:169)
at org.openqa.selenium.remote.codec.w3c.W3CHttpResponseCodec.decode(W3CHttpResponseCodec.java:142)
at org.openqa.selenium.remote.codec.w3c.W3CHttpResponseCodec.decode(W3CHttpResponseCodec.java:49)
at org.openqa.selenium.remote.HttpCommandExecutor.execute(HttpCommandExecutor.java:223)
at org.openqa.selenium.remote.service.DriverCommandExecutor.invokeExecute(DriverCommandExecutor.java:216)
at org.openqa.selenium.remote.service.DriverCommandExecutor.execute(DriverCommandExecutor.java:174)
at org.openqa.selenium.remote.RemoteWebDriver.execute(RemoteWebDriver.java:601)
at org.openqa.selenium.remote.RemoteWebElement.execute(RemoteWebElement.java:223)
at org.openqa.selenium.remote.RemoteWebElement.click(RemoteWebElement.java:76)
at com.keerthi.orangehrm.pages.AddEmployeePage.clickSave(AddEmployeePage.java:70)
at com.keerthi.orangehrm.pages.AddEmployeePage.addEmployee(AddEmployeePage.java:78)
at com.keerthi.orangehrm.stepdefinitions.AddEmployeeSteps.user_enters_first_name_and_last_name(AddEmployeeSteps.java:43)
at ✽.user enters firstName "kmfn013" and lastName "kmln013" and employeeId "013"(file:///C:/Users/Keerthi/Desktop/selenium-pom-java-cucumber/orangehrm-cucumber-bdd-framework/src/test/resources/features/employee.feature:7)
]]>
    </error>
  </testcase> <!-- runScenario -->
  <testcase classname="com.keerthi.orangehrm.runners.TestRunner" name="runScenario" time="8.658"/>
  <testcase classname="com.keerthi.orangehrm.runners.TestRunner" name="runScenario" time="33.740"/>
  <testcase classname="com.keerthi.orangehrm.runners.TestRunner" name="runScenario" time="20.324">
    <error message="Expected condition failed: waiting for visibility of element found by By.xpath: //input[@placeholder=&#039;Search&#039;], but... org.openqa.selenium.NoSuchElementException: no such element: Unable to locate element: {&quot;method&quot;:&quot;xpath&quot;,&quot;selector&quot;:&quot;//input[@placeholder=&#039;Search&#039;]&quot;}.
(tried for 10 seconds with 500 milliseconds interval)
Build info: version: &#039;4.40.0&#039;, revision: &#039;b3333f1&#039;
System info: os.name: &#039;Windows 11&#039;, os.arch: &#039;amd64&#039;, os.version: &#039;10.0&#039;, java.version: &#039;21.0.8&#039;
Driver info: org.openqa.selenium.chrome.ChromeDriver
Capabilities {acceptInsecureCerts: false, browserName: chrome, browserVersion: 147.0.7727.102, chrome: {chromedriverVersion: 147.0.7727.57 (b4f28b5637d0..., userDataDir: C:\Users\Keerthi\AppData\Lo...}, fedcm:accounts: true, goog:chromeOptions: {debuggerAddress: localhost:52390}, goog:processID: 5056, networkConnectionEnabled: false, pageLoadStrategy: normal, platformName: windows, proxy: Proxy(), se:cdp: ws://localhost:52390/devtoo..., se:cdpVersion: 147.0.7727.102, setWindowRect: true, strictFileInteractability: false, timeouts: {implicit: 0, pageLoad: 300000, script: 30000}, unhandledPromptBehavior: dismiss and notify, webauthn:extension:credBlob: true, webauthn:extension:largeBlob: true, webauthn:extension:minPinLength: true, webauthn:extension:prf: true, webauthn:virtualAuthenticators: true}
Session ID: 823f41e8d02b994797137243fd675124" type="org.openqa.selenium.TimeoutException">
      <![CDATA[org.openqa.selenium.TimeoutException: Expected condition failed: waiting for visibility of element found by By.xpath: //input[@placeholder='Search'], but... org.openqa.selenium.NoSuchElementException: no such element: Unable to locate element: {"method":"xpath","selector":"//input[@placeholder='Search']"}.
(tried for 10 seconds with 500 milliseconds interval)
Build info: version: '4.40.0', revision: 'b3333f1'
System info: os.name: 'Windows 11', os.arch: 'amd64', os.version: '10.0', java.version: '21.0.8'
Driver info: org.openqa.selenium.chrome.ChromeDriver
Capabilities {acceptInsecureCerts: false, browserName: chrome, browserVersion: 147.0.7727.102, chrome: {chromedriverVersion: 147.0.7727.57 (b4f28b5637d0..., userDataDir: C:\Users\Keerthi\AppData\Lo...}, fedcm:accounts: true, goog:chromeOptions: {debuggerAddress: localhost:52390}, goog:processID: 5056, networkConnectionEnabled: false, pageLoadStrategy: normal, platformName: windows, proxy: Proxy(), se:cdp: ws://localhost:52390/devtoo..., se:cdpVersion: 147.0.7727.102, setWindowRect: true, strictFileInteractability: false, timeouts: {implicit: 0, pageLoad: 300000, script: 30000}, unhandledPromptBehavior: dismiss and notify, webauthn:extension:credBlob: true, webauthn:extension:largeBlob: true, webauthn:extension:minPinLength: true, webauthn:extension:prf: true, webauthn:virtualAuthenticators: true}
Session ID: 823f41e8d02b994797137243fd675124
at org.openqa.selenium.support.ui.WebDriverWait.timeoutException(WebDriverWait.java:84)
at org.openqa.selenium.support.ui.FluentWait.until(FluentWait.java:231)
at com.keerthi.orangehrm.components.HeaderComponent.globalSearch(HeaderComponent.java:32)
at com.keerthi.orangehrm.stepdefinitions.NavigationSteps.user_enters_a_name_in_global_search(NavigationSteps.java:23)
at ✽.user enters a "Directory" name in global search(file:///C:/Users/Keerthi/Desktop/selenium-pom-java-cucumber/orangehrm-cucumber-bdd-framework/src/test/resources/features/navigation.feature:5)
]]>
    </error>
  </testcase> <!-- runScenario -->
  <testcase classname="com.keerthi.orangehrm.runners.TestRunner" name="runScenario" time="23.527"/>
  <testcase classname="com.keerthi.orangehrm.runners.TestRunner" name="runScenario" time="5.240"/>
  <testcase classname="com.keerthi.orangehrm.runners.TestRunner" name="runScenario" time="4.088"/>
  <testcase classname="com.keerthi.orangehrm.runners.TestRunner" name="runScenario" time="16.892">
    <error message="Expected condition failed: waiting for visibility of element found by By.xpath: //input[@placeholder=&#039;Search&#039;], but... org.openqa.selenium.NoSuchElementException: no such element: Unable to locate element: {&quot;method&quot;:&quot;xpath&quot;,&quot;selector&quot;:&quot;//input[@placeholder=&#039;Search&#039;]&quot;}.
(tried for 10 seconds with 500 milliseconds interval)
Build info: version: &#039;4.40.0&#039;, revision: &#039;b3333f1&#039;
System info: os.name: &#039;Windows 11&#039;, os.arch: &#039;amd64&#039;, os.version: &#039;10.0&#039;, java.version: &#039;21.0.8&#039;
Driver info: org.openqa.selenium.chrome.ChromeDriver
Capabilities {acceptInsecureCerts: false, browserName: chrome, browserVersion: 147.0.7727.102, chrome: {chromedriverVersion: 147.0.7727.57 (b4f28b5637d0..., userDataDir: C:\Users\Keerthi\AppData\Lo...}, fedcm:accounts: true, goog:chromeOptions: {debuggerAddress: localhost:57062}, goog:processID: 16744, networkConnectionEnabled: false, pageLoadStrategy: normal, platformName: windows, proxy: Proxy(), se:cdp: ws://localhost:57062/devtoo..., se:cdpVersion: 147.0.7727.102, setWindowRect: true, strictFileInteractability: false, timeouts: {implicit: 0, pageLoad: 300000, script: 30000}, unhandledPromptBehavior: dismiss and notify, webauthn:extension:credBlob: true, webauthn:extension:largeBlob: true, webauthn:extension:minPinLength: true, webauthn:extension:prf: true, webauthn:virtualAuthenticators: true}
Session ID: 1ff2a7e61ade53aac5a7b542b30f2751" type="org.openqa.selenium.TimeoutException">
      <![CDATA[org.openqa.selenium.TimeoutException: Expected condition failed: waiting for visibility of element found by By.xpath: //input[@placeholder='Search'], but... org.openqa.selenium.NoSuchElementException: no such element: Unable to locate element: {"method":"xpath","selector":"//input[@placeholder='Search']"}.
(tried for 10 seconds with 500 milliseconds interval)
Build info: version: '4.40.0', revision: 'b3333f1'
System info: os.name: 'Windows 11', os.arch: 'amd64', os.version: '10.0', java.version: '21.0.8'
Driver info: org.openqa.selenium.chrome.ChromeDriver
Capabilities {acceptInsecureCerts: false, browserName: chrome, browserVersion: 147.0.7727.102, chrome: {chromedriverVersion: 147.0.7727.57 (b4f28b5637d0..., userDataDir: C:\Users\Keerthi\AppData\Lo...}, fedcm:accounts: true, goog:chromeOptions: {debuggerAddress: localhost:57062}, goog:processID: 16744, networkConnectionEnabled: false, pageLoadStrategy: normal, platformName: windows, proxy: Proxy(), se:cdp: ws://localhost:57062/devtoo..., se:cdpVersion: 147.0.7727.102, setWindowRect: true, strictFileInteractability: false, timeouts: {implicit: 0, pageLoad: 300000, script: 30000}, unhandledPromptBehavior: dismiss and notify, webauthn:extension:credBlob: true, webauthn:extension:largeBlob: true, webauthn:extension:minPinLength: true, webauthn:extension:prf: true, webauthn:virtualAuthenticators: true}
Session ID: 1ff2a7e61ade53aac5a7b542b30f2751
at org.openqa.selenium.support.ui.WebDriverWait.timeoutException(WebDriverWait.java:84)
at org.openqa.selenium.support.ui.FluentWait.until(FluentWait.java:231)
at com.keerthi.orangehrm.components.HeaderComponent.globalSearch(HeaderComponent.java:32)
at com.keerthi.orangehrm.stepdefinitions.NavigationSteps.user_enters_a_name_in_global_search(NavigationSteps.java:23)
at ✽.user enters a "PIM" name in global search(file:///C:/Users/Keerthi/Desktop/selenium-pom-java-cucumber/orangehrm-cucumber-bdd-framework/src/test/resources/features/navigation.feature:5)
]]>
    </error>
  </testcase> <!-- runScenario -->
  <testcase classname="com.keerthi.orangehrm.runners.TestRunner" name="runScenario" time="4.403"/>
</testsuite> <!-- com.keerthi.orangehrm.runners.TestRunner -->
